[2020-03-29 14:41:35] local.ERROR: No Database connection yet in VoyagerServiceProvider loadAuth()  
[2020-03-29 14:41:35] local.ERROR: SQLSTATE[28000] [1045] Access denied for user 'mmkumr'@'localhost' (using password: YES) {"exception":"[object] (Doctrine\\DBAL\\Driver\\PDOException(code: 1045): SQLSTATE[28000] [1045] Access denied for user 'mmkumr'@'localhost' (using password: YES) at /home/j2gnqjjdxesv/hungerrasoi/vendor/doctrine/dbal/lib/Doctrine/DBAL/Driver/PDOConnection.php:31, PDOException(code: 1045): SQLSTATE[28000] [1045] Access denied for user 'mmkumr'@'localhost' (using password: YES) at /home/j2gnqjjdxesv/hungerrasoi/vendor/doctrine/dbal/lib/Doctrine/DBAL/Driver/PDOConnection.php:27)
[stacktrace]
#0 /home/j2gnqjjdxesv/hungerrasoi/vendor/laravel/framework/src/Illuminate/Database/Connectors/Connector.php(67): Doctrine\\DBAL\\Driver\\PDOConnection->__construct('mysql:host=127....', 'mmkumr', '2Z%x4bG&S8UfGZg...', Array)
#1 /home/j2gnqjjdxesv/hungerrasoi/vendor/laravel/framework/src/Illuminate/Database/Connectors/Connector.php(46): Illuminate\\Database\\Connectors\\Connector->createPdoConnection('mysql:host=127....', 'mmkumr', '2Z%x4bG&S8UfGZg...', Array)
#2 /home/j2gnqjjdxesv/hungerrasoi/vendor/laravel/framework/src/Illuminate/Database/Connectors/MySqlConnector.php(24): Illuminate\\Database\\Connectors\\Connector->createConnection('mysql:host=127....', Array, Array)
#3 /home/j2gnqjjdxesv/hungerrasoi/vendor/laravel/framework/src/Illuminate/Database/Connectors/ConnectionFactory.php(182): Illuminate\\Database\\Connectors\\MySqlConnector->connect(Array)
#4 [internal function]: Illuminate\\Database\\Connectors\\ConnectionFactory->Illuminate\\Database\\Connectors\\{closure}()
#5 /home/j2gnqjjdxesv/hungerrasoi/vendor/laravel/framework/src/Illuminate/Database/Connection.php(919): call_user_func(Object(Closure))
#6 /home/j2gnqjjdxesv/hungerrasoi/vendor/laravel/framework/src/Illuminate/Database/Connection.php(901): Illuminate\\Database\\Connection->getPdo()
#7 /home/j2gnqjjdxesv/hungerrasoi/vendor/larapack/doctrine-support/src/DoctrineSupportServiceProvider.php(54): Illuminate\\Database\\Connection->getDoctrineConnection()
#8 /home/j2gnqjjdxesv/hungerrasoi/vendor/larapack/doctrine-support/src/DoctrineSupportServiceProvider.php(34): Larapack\\DoctrineSupport\\DoctrineSupportServiceProvider->addDoctrineTypes(Object(Larapack\\DoctrineSupport\\Connections\\MySqlConnection))
#9 /home/j2gnqjjdxesv/hungerrasoi/vendor/laravel/framework/src/Illuminate/Database/Connectors/ConnectionFactory.php(269): Larapack\\DoctrineSupport\\DoctrineSupportServiceProvider->Larapack\\DoctrineSupport\\{closure}(Object(Larapack\\DoctrineSupport\\Connections\\MySqlConnection), 'hungerrasoi', '', Array)
#10 /home/j2gnqjjdxesv/hungerrasoi/vendor/laravel/framework/src/Illuminate/Database/Connectors/ConnectionFactory.php(76): Illuminate\\Database\\Connectors\\ConnectionFactory->createConnection('mysql', Object(Closure), 'hungerrasoi', '', Array)
#11 /home/j2gnqjjdxesv/hungerrasoi/vendor/laravel/framework/src/Illuminate/Database/Connectors/ConnectionFactory.php(50): Illuminate\\Database\\Connectors\\ConnectionFactory->createSingleConnection(Array)
#12 /home/j2gnqjjdxesv/hungerrasoi/vendor/laravel/framework/src/Illuminate/Database/DatabaseManager.php(131): Illuminate\\Database\\Connectors\\ConnectionFactory->make(Array, 'mysql')
#13 /home/j2gnqjjdxesv/hungerrasoi/vendor/laravel/framework/src/Illuminate/Database/DatabaseManager.php(86): Illuminate\\Database\\DatabaseManager->makeConnection('mysql')
#14 /home/j2gnqjjdxesv/hungerrasoi/vendor/laravel/framework/src/Illuminate/Database/Eloquent/Model.php(1253): Illuminate\\Database\\DatabaseManager->connection('mysql')
#15 /home/j2gnqjjdxesv/hungerrasoi/vendor/laravel/framework/src/Illuminate/Database/Eloquent/Model.php(1219): Illuminate\\Database\\Eloquent\\Model::resolveConnection(NULL)
#16 /home/j2gnqjjdxesv/hungerrasoi/vendor/laravel/framework/src/Illuminate/Database/Eloquent/Model.php(1051): Illuminate\\Database\\Eloquent\\Model->getConnection()
#17 /home/j2gnqjjdxesv/hungerrasoi/vendor/laravel/framework/src/Illuminate/Database/Eloquent/Model.php(968): Illuminate\\Database\\Eloquent\\Model->newBaseQueryBuilder()
#18 /home/j2gnqjjdxesv/hungerrasoi/vendor/laravel/framework/src/Illuminate/Database/Eloquent/Model.php(1004): Illuminate\\Database\\Eloquent\\Model->newModelQuery()
#19 /home/j2gnqjjdxesv/hungerrasoi/vendor/laravel/framework/src/Illuminate/Database/Eloquent/Model.php(957): Illuminate\\Database\\Eloquent\\Model->newQueryWithoutScopes()
#20 /home/j2gnqjjdxesv/hungerrasoi/vendor/laravel/framework/src/Illuminate/Database/Eloquent/Model.php(1618): Illuminate\\Database\\Eloquent\\Model->newQuery()
#21 /home/j2gnqjjdxesv/hungerrasoi/vendor/laravel/framework/src/Illuminate/Database/Eloquent/Model.php(1630): Illuminate\\Database\\Eloquent\\Model->__call('orderby', Array)
#22 /home/j2gnqjjdxesv/hungerrasoi/app/Providers/AppServiceProvider.php(18): Illuminate\\Database\\Eloquent\\Model::__callStatic('orderby', Array)
#23 [internal function]: App\\Providers\\AppServiceProvider->boot()
#24 /home/j2gnqjjdxesv/hungerrasoi/vendor/laravel/framework/src/Illuminate/Container/BoundMethod.php(32): call_user_func_array(Array, Array)
#25 /home/j2gnqjjdxesv/hungerrasoi/vendor/laravel/framework/src/Illuminate/Container/BoundMethod.php(90): Illuminate\\Container\\BoundMethod::Illuminate\\Container\\{closure}()
#26 /home/j2gnqjjdxesv/hungerrasoi/vendor/laravel/framework/src/Illuminate/Container/BoundMethod.php(34): Illuminate\\Container\\BoundMethod::callBoundMethod(Object(Illuminate\\Foundation\\Application), Array, Object(Closure))
#27 /home/j2gnqjjdxesv/hungerrasoi/vendor/laravel/framework/src/Illuminate/Container/Container.php(576): Illuminate\\Container\\BoundMethod::call(Object(Illuminate\\Foundation\\Application), Array, Array, NULL)
#28 /home/j2gnqjjdxesv/hungerrasoi/vendor/laravel/framework/src/Illuminate/Foundation/Application.php(827): Illuminate\\Container\\Container->call(Array)
#29 /home/j2gnqjjdxesv/hungerrasoi/vendor/laravel/framework/src/Illuminate/Foundation/Application.php(810): Illuminate\\Foundation\\Application->bootProvider(Object(App\\Providers\\AppServiceProvider))
#30 [internal function]: Illuminate\\Foundation\\Application->Illuminate\\Foundation\\{closure}(Object(App\\Providers\\AppServiceProvider), 29)
#31 /home/j2gnqjjdxesv/hungerrasoi/vendor/laravel/framework/src/Illuminate/Foundation/Application.php(811): array_walk(Array, Object(Closure))
#32 /home/j2gnqjjdxesv/hungerrasoi/vendor/laravel/framework/src/Illuminate/Foundation/Bootstrap/BootProviders.php(17): Illuminate\\Foundation\\Application->boot()
#33 /home/j2gnqjjdxesv/hungerrasoi/vendor/laravel/framework/src/Illuminate/Foundation/Application.php(210): Illuminate\\Foundation\\Bootstrap\\BootProviders->bootstrap(Object(Illuminate\\Foundation\\Application))
#34 /home/j2gnqjjdxesv/hungerrasoi/vendor/laravel/framework/src/Illuminate/Foundation/Console/Kernel.php(322): Illuminate\\Foundation\\Application->bootstrapWith(Array)
#35 /home/j2gnqjjdxesv/hungerrasoi/vendor/laravel/framework/src/Illuminate/Foundation/Console/Kernel.php(131): Illuminate\\Foundation\\Console\\Kernel->bootstrap()
#36 /home/j2gnqjjdxesv/hungerrasoi/artisan(37): Illuminate\\Foundation\\Console\\Kernel->handle(Object(Symfony\\Component\\Console\\Input\\ArgvInput), Object(Symfony\\Component\\Console\\Output\\ConsoleOutput))
#37 {main}
"} 
